<?xml version="1.0" encoding="UTF-8"?>
<!-- Generated by org.testng.reporters.JUnitXMLReporter -->
<testsuite hostname="ATMECSINLT-033" ignored="0" name="Test" tests="1" failures="1" timestamp="26 Nov 2019 14:24:47 GMT" time="31.439" errors="0">
  <testcase name="phpTravlesIntegration" time="12.576" classname="com.atmecs.practice1.scripts.PhpTravlesScript">
    <failure type="java.lang.NullPointerException">
      <![CDATA[java.lang.NullPointerException
at com.atmecs.practice1.pages.PhpTravlesFuncationality.randomNumberValidation(PhpTravlesFuncationality.java:116)
at com.atmecs.practice1.scripts.PhpTravlesScript.phpTravlesIntegration(PhpTravlesScript.java:20)
... Removed 26 stack frames]]>
    </failure>
  </testcase> <!-- phpTravlesIntegration -->
</testsuite> <!-- Test -->
