<?xml version="1.0" encoding="UTF-8"?>
<testng-results skipped="0" failed="1" ignored="0" total="1" passed="0">
  <reporter-output>
    <line>
      <![CDATA[login funcationality starts]]>
    </line>
    <line>
      <![CDATA[login fincationality ends]]>
    </line>
    <line>
      <![CDATA[Hi Demo User Text validation starts]]>
    </line>
    <line>
      <![CDATA[Booking Tab Text Validation ]]>
    </line>
    <line>
      <![CDATA[Time and date validation starts]]>
    </line>
    <line>
      <![CDATA[Hours matched ]]>
    </line>
    <line>
      <![CDATA[Minutes matched]]>
    </line>
    <line>
      <![CDATA[validating booking id]]>
    </line>
    <line>
      <![CDATA[assertion done for bookind id through url]]>
    </line>
  </reporter-output>
  <suite name="phptravles" duration-ms="31439" started-at="2019-11-26T14:24:16Z" finished-at="2019-11-26T14:24:47Z">
    <groups>
    </groups>
    <test name="Test" duration-ms="31439" started-at="2019-11-26T14:24:16Z" finished-at="2019-11-26T14:24:47Z">
      <class name="com.atmecs.practice1.scripts.PhpTravlesScript">
        <test-method status="PASS" signature="intitailizeBrowser(org.testng.ITestContext)[pri:0, instance:com.atmecs.practice1.scripts.PhpTravlesScript@239963d8]" name="intitailizeBrowser" is-config="true" duration-ms="18839" started-at="2019-11-26T14:24:16Z" finished-at="2019-11-26T14:24:35Z">
          <params>
            <param index="0">
              <value>
                <![CDATA[org.testng.TestRunner@2dbe250d]]>
              </value>
            </param>
          </params>
          <reporter-output>
          </reporter-output>
        </test-method> <!-- intitailizeBrowser -->
        <test-method status="FAIL" signature="phpTravlesIntegration()[pri:0, instance:com.atmecs.practice1.scripts.PhpTravlesScript@239963d8]" name="phpTravlesIntegration" duration-ms="12576" started-at="2019-11-26T14:24:35Z" finished-at="2019-11-26T14:24:47Z">
          <exception class="java.lang.NullPointerException">
            <full-stacktrace>
              <![CDATA[java.lang.NullPointerException
at com.atmecs.practice1.pages.PhpTravlesFuncationality.randomNumberValidation(PhpTravlesFuncationality.java:116)
at com.atmecs.practice1.scripts.PhpTravlesScript.phpTravlesIntegration(PhpTravlesScript.java:20)
at sun.reflect.NativeMethodAccessorImpl.invoke0(Native Method)
at sun.reflect.NativeMethodAccessorImpl.invoke(NativeMethodAccessorImpl.java:62)
at sun.reflect.DelegatingMethodAccessorImpl.invoke(DelegatingMethodAccessorImpl.java:43)
at java.lang.reflect.Method.invoke(Method.java:498)
at org.testng.internal.MethodInvocationHelper.invokeMethod(MethodInvocationHelper.java:124)
at org.testng.internal.Invoker.invokeMethod(Invoker.java:583)
at org.testng.internal.Invoker.invokeTestMethod(Invoker.java:719)
at org.testng.internal.Invoker.invokeTestMethods(Invoker.java:989)
at org.testng.internal.TestMethodWorker.invokeTestMethods(TestMethodWorker.java:125)
at org.testng.internal.TestMethodWorker.run(TestMethodWorker.java:109)
at org.testng.TestRunner.privateRun(TestRunner.java:648)
at org.testng.TestRunner.run(TestRunner.java:505)
at org.testng.SuiteRunner.runTest(SuiteRunner.java:455)
at org.testng.SuiteRunner.runSequentially(SuiteRunner.java:450)
at org.testng.SuiteRunner.privateRun(SuiteRunner.java:415)
at org.testng.SuiteRunner.run(SuiteRunner.java:364)
at org.testng.SuiteRunnerWorker.runSuite(SuiteRunnerWorker.java:52)
at org.testng.SuiteRunnerWorker.run(SuiteRunnerWorker.java:84)
at org.testng.TestNG.runSuitesSequentially(TestNG.java:1208)
at org.testng.TestNG.runSuitesSequentially(TestNG.java:1204)
at org.testng.TestNG.runSuitesLocally(TestNG.java:1137)
at org.testng.TestNG.runSuites(TestNG.java:1049)
at org.testng.TestNG.run(TestNG.java:1017)
at org.testng.remote.AbstractRemoteTestNG.run(AbstractRemoteTestNG.java:115)
at org.testng.remote.RemoteTestNG.initAndRun(RemoteTestNG.java:251)
at org.testng.remote.RemoteTestNG.main(RemoteTestNG.java:77)
]]>
            </full-stacktrace>
          </exception> <!-- java.lang.NullPointerException -->
          <reporter-output>
            <line>
              <![CDATA[login funcationality starts]]>
            </line>
            <line>
              <![CDATA[login fincationality ends]]>
            </line>
            <line>
              <![CDATA[Hi Demo User Text validation starts]]>
            </line>
            <line>
              <![CDATA[Booking Tab Text Validation ]]>
            </line>
            <line>
              <![CDATA[Time and date validation starts]]>
            </line>
            <line>
              <![CDATA[Hours matched ]]>
            </line>
            <line>
              <![CDATA[Minutes matched]]>
            </line>
            <line>
              <![CDATA[validating booking id]]>
            </line>
            <line>
              <![CDATA[assertion done for bookind id through url]]>
            </line>
          </reporter-output>
        </test-method> <!-- phpTravlesIntegration -->
      </class> <!-- com.atmecs.practice1.scripts.PhpTravlesScript -->
    </test> <!-- Test -->
  </suite> <!-- phptravles -->
  <suite name="TestNGSuite" duration-ms="0" started-at="2019-11-26T14:24:48Z" finished-at="2019-11-26T14:24:48Z">
    <groups>
    </groups>
  </suite> <!-- TestNGSuite -->
</testng-results>
